D:\CODE\GPS\SEGGEREVAL_WIN32_MSVC_MINGW_GUI_V522\SEGGEREVAL_WIN32_MSVC_MINGW_GUI_V522\OUTPUT\DEBUG\WINMAIN.OBJ
D:\CODE\GPS\SEGGEREVAL_WIN32_MSVC_MINGW_GUI_V522\SEGGEREVAL_WIN32_MSVC_MINGW_GUI_V522\OUTPUT\DEBUG\SIMCONF.OBJ
D:\CODE\GPS\SEGGEREVAL_WIN32_MSVC_MINGW_GUI_V522\SEGGEREVAL_WIN32_MSVC_MINGW_GUI_V522\OUTPUT\DEBUG\LCDCONF.OBJ
D:\CODE\GPS\SEGGEREVAL_WIN32_MSVC_MINGW_GUI_V522\SEGGEREVAL_WIN32_MSVC_MINGW_GUI_V522\OUTPUT\DEBUG\GUICONF.OBJ
D:\CODE\GPS\SEGGEREVAL_WIN32_MSVC_MINGW_GUI_V522\SEGGEREVAL_WIN32_MSVC_MINGW_GUI_V522\OUTPUT\DEBUG\VC110.PDB
D:\CODE\GPS\SEGGEREVAL_WIN32_MSVC_MINGW_GUI_V522\SEGGEREVAL_WIN32_MSVC_MINGW_GUI_V522\OUTPUT\DEBUG\WIDGET_GRAPHYT.OBJ
D:\CODE\GPS\SEGGEREVAL_WIN32_MSVC_MINGW_GUI_V522\SEGGEREVAL_WIN32_MSVC_MINGW_GUI_V522\OUTPUT\DEBUG\GUIDEMO_START.OBJ
D:\CODE\GPS\SEGGEREVAL_WIN32_MSVC_MINGW_GUI_V522\SEGGEREVAL_WIN32_MSVC_MINGW_GUI_V522\OUTPUT\DEBUG\GUIDEMO_SPEEDOMETER.OBJ
D:\CODE\GPS\SEGGEREVAL_WIN32_MSVC_MINGW_GUI_V522\SEGGEREVAL_WIN32_MSVC_MINGW_GUI_V522\OUTPUT\DEBUG\GUIDEMO_SPEED.OBJ
D:\CODE\GPS\SEGGEREVAL_WIN32_MSVC_MINGW_GUI_V522\SEGGEREVAL_WIN32_MSVC_MINGW_GUI_V522\OUTPUT\DEBUG\GUIDEMO_SKINNING.OBJ
D:\CODE\GPS\SEGGEREVAL_WIN32_MSVC_MINGW_GUI_V522\SEGGEREVAL_WIN32_MSVC_MINGW_GUI_V522\OUTPUT\DEBUG\GUIDEMO_RESOURCE.OBJ
D:\CODE\GPS\SEGGEREVAL_WIN32_MSVC_MINGW_GUI_V522\SEGGEREVAL_WIN32_MSVC_MINGW_GUI_V522\OUTPUT\DEBUG\GUIDEMO_RADIALMENU.OBJ
D:\CODE\GPS\SEGGEREVAL_WIN32_MSVC_MINGW_GUI_V522\SEGGEREVAL_WIN32_MSVC_MINGW_GUI_V522\OUTPUT\DEBUG\GUIDEMO_LISTVIEW.OBJ
D:\CODE\GPS\SEGGEREVAL_WIN32_MSVC_MINGW_GUI_V522\SEGGEREVAL_WIN32_MSVC_MINGW_GUI_V522\OUTPUT\DEBUG\GUIDEMO_INTRO.OBJ
D:\CODE\GPS\SEGGEREVAL_WIN32_MSVC_MINGW_GUI_V522\SEGGEREVAL_WIN32_MSVC_MINGW_GUI_V522\OUTPUT\DEBUG\GUIDEMO_IMAGEFLOW.OBJ
D:\CODE\GPS\SEGGEREVAL_WIN32_MSVC_MINGW_GUI_V522\SEGGEREVAL_WIN32_MSVC_MINGW_GUI_V522\OUTPUT\DEBUG\GUIDEMO_ICONVIEW.OBJ
D:\CODE\GPS\SEGGEREVAL_WIN32_MSVC_MINGW_GUI_V522\SEGGEREVAL_WIN32_MSVC_MINGW_GUI_V522\OUTPUT\DEBUG\GUIDEMO_GRAPH.OBJ
D:\CODE\GPS\SEGGEREVAL_WIN32_MSVC_MINGW_GUI_V522\SEGGEREVAL_WIN32_MSVC_MINGW_GUI_V522\OUTPUT\DEBUG\GUIDEMO_FADING.OBJ
D:\CODE\GPS\SEGGEREVAL_WIN32_MSVC_MINGW_GUI_V522\SEGGEREVAL_WIN32_MSVC_MINGW_GUI_V522\OUTPUT\DEBUG\GUIDEMO_CURSOR.OBJ
D:\CODE\GPS\SEGGEREVAL_WIN32_MSVC_MINGW_GUI_V522\SEGGEREVAL_WIN32_MSVC_MINGW_GUI_V522\OUTPUT\DEBUG\GUIDEMO_CONF.OBJ
D:\CODE\GPS\SEGGEREVAL_WIN32_MSVC_MINGW_GUI_V522\SEGGEREVAL_WIN32_MSVC_MINGW_GUI_V522\OUTPUT\DEBUG\GUIDEMO_COLORBAR.OBJ
D:\CODE\GPS\SEGGEREVAL_WIN32_MSVC_MINGW_GUI_V522\SEGGEREVAL_WIN32_MSVC_MINGW_GUI_V522\OUTPUT\DEBUG\GUIDEMO_BITMAP.OBJ
D:\CODE\GPS\SEGGEREVAL_WIN32_MSVC_MINGW_GUI_V522\SEGGEREVAL_WIN32_MSVC_MINGW_GUI_V522\OUTPUT\DEBUG\GUIDEMO_BARGRAPH.OBJ
D:\CODE\GPS\SEGGEREVAL_WIN32_MSVC_MINGW_GUI_V522\SEGGEREVAL_WIN32_MSVC_MINGW_GUI_V522\OUTPUT\DEBUG\GUIDEMO_AUTOMOTIVE.OBJ
D:\CODE\GPS\SEGGEREVAL_WIN32_MSVC_MINGW_GUI_V522\SEGGEREVAL_WIN32_MSVC_MINGW_GUI_V522\OUTPUT\DEBUG\GUIDEMO_ANTIALIASEDTEXT.OBJ
D:\CODE\GPS\SEGGEREVAL_WIN32_MSVC_MINGW_GUI_V522\SEGGEREVAL_WIN32_MSVC_MINGW_GUI_V522\OUTPUT\DEBUG\GUIDEMO.OBJ
D:\CODE\GPS\SEGGEREVAL_WIN32_MSVC_MINGW_GUI_V522\SEGGEREVAL_WIN32_MSVC_MINGW_GUI_V522\OUTPUT\DEBUG\GUIDEMO_ZOOMANDROTATE.OBJ
D:\CODE\GPS\SEGGEREVAL_WIN32_MSVC_MINGW_GUI_V522\SEGGEREVAL_WIN32_MSVC_MINGW_GUI_V522\OUTPUT\DEBUG\GUIDEMO_WASHINGMACHINE.OBJ
D:\CODE\GPS\SEGGEREVAL_WIN32_MSVC_MINGW_GUI_V522\SEGGEREVAL_WIN32_MSVC_MINGW_GUI_V522\OUTPUT\DEBUG\GUIDEMO_VSCREEN.OBJ
D:\CODE\GPS\SEGGEREVAL_WIN32_MSVC_MINGW_GUI_V522\SEGGEREVAL_WIN32_MSVC_MINGW_GUI_V522\OUTPUT\DEBUG\GUIDEMO_TREEVIEW.OBJ
D:\CODE\GPS\SEGGEREVAL_WIN32_MSVC_MINGW_GUI_V522\SEGGEREVAL_WIN32_MSVC_MINGW_GUI_V522\OUTPUT\DEBUG\GUIDEMO_TRANSPARENTDIALOG.OBJ
D:\CODE\GPS\SEGGEREVAL_WIN32_MSVC_MINGW_GUI_V522\SEGGEREVAL_WIN32_MSVC_MINGW_GUI_V522\OUTPUT\DEBUG\BASIC_HELLOWORLD.OBJ
D:\CODE\GPS\SEGGEREVAL_WIN32_MSVC_MINGW_GUI_V522\SEGGEREVAL_WIN32_MSVC_MINGW_GUI_V522\EXE\GUISIMULATIONDEBUG.ILK
D:\CODE\GPS\SEGGEREVAL_WIN32_MSVC_MINGW_GUI_V522\SEGGEREVAL_WIN32_MSVC_MINGW_GUI_V522\EXE\GUISIMULATIONDEBUG.EXE
D:\CODE\GPS\SEGGEREVAL_WIN32_MSVC_MINGW_GUI_V522\SEGGEREVAL_WIN32_MSVC_MINGW_GUI_V522\OUTPUT\DEBUG\SIMULATIONTRIAL.PDB
D:\code\GPS\SeggerEval_WIN32_MSVC_MinGW_GUI_V522\SeggerEval_WIN32_MSVC_MinGW_GUI_V522\Output\Debug\About.obj
D:\code\GPS\SeggerEval_WIN32_MSVC_MinGW_GUI_V522\SeggerEval_WIN32_MSVC_MinGW_GUI_V522\Output\Debug\BASIC_Hello1.obj
D:\code\GPS\SeggerEval_WIN32_MSVC_MinGW_GUI_V522\SeggerEval_WIN32_MSVC_MinGW_GUI_V522\Output\Debug\BASIC_HelloWorld.obj
D:\code\GPS\SeggerEval_WIN32_MSVC_MinGW_GUI_V522\SeggerEval_WIN32_MSVC_MinGW_GUI_V522\Output\Debug\Calibration.obj
D:\code\GPS\SeggerEval_WIN32_MSVC_MinGW_GUI_V522\SeggerEval_WIN32_MSVC_MinGW_GUI_V522\Output\Debug\GUIConf.obj
D:\code\GPS\SeggerEval_WIN32_MSVC_MinGW_GUI_V522\SeggerEval_WIN32_MSVC_MinGW_GUI_V522\Output\Debug\GUIDEMO.obj
D:\code\GPS\SeggerEval_WIN32_MSVC_MinGW_GUI_V522\SeggerEval_WIN32_MSVC_MinGW_GUI_V522\Output\Debug\GUIDEMO_AntialiasedText.obj
D:\code\GPS\SeggerEval_WIN32_MSVC_MinGW_GUI_V522\SeggerEval_WIN32_MSVC_MinGW_GUI_V522\Output\Debug\GUIDEMO_Automotive.obj
D:\code\GPS\SeggerEval_WIN32_MSVC_MinGW_GUI_V522\SeggerEval_WIN32_MSVC_MinGW_GUI_V522\Output\Debug\GUIDEMO_BarGraph.obj
D:\code\GPS\SeggerEval_WIN32_MSVC_MinGW_GUI_V522\SeggerEval_WIN32_MSVC_MinGW_GUI_V522\Output\Debug\GUIDEMO_Bitmap.obj
D:\code\GPS\SeggerEval_WIN32_MSVC_MinGW_GUI_V522\SeggerEval_WIN32_MSVC_MinGW_GUI_V522\Output\Debug\GUIDEMO_ColorBar.obj
D:\code\GPS\SeggerEval_WIN32_MSVC_MinGW_GUI_V522\SeggerEval_WIN32_MSVC_MinGW_GUI_V522\Output\Debug\GUIDEMO_Conf.obj
D:\code\GPS\SeggerEval_WIN32_MSVC_MinGW_GUI_V522\SeggerEval_WIN32_MSVC_MinGW_GUI_V522\Output\Debug\GUIDEMO_Cursor.obj
D:\code\GPS\SeggerEval_WIN32_MSVC_MinGW_GUI_V522\SeggerEval_WIN32_MSVC_MinGW_GUI_V522\Output\Debug\GUIDEMO_Fading.obj
D:\code\GPS\SeggerEval_WIN32_MSVC_MinGW_GUI_V522\SeggerEval_WIN32_MSVC_MinGW_GUI_V522\Output\Debug\GUIDEMO_Graph.obj
D:\code\GPS\SeggerEval_WIN32_MSVC_MinGW_GUI_V522\SeggerEval_WIN32_MSVC_MinGW_GUI_V522\Output\Debug\GUIDEMO_IconView.obj
D:\code\GPS\SeggerEval_WIN32_MSVC_MinGW_GUI_V522\SeggerEval_WIN32_MSVC_MinGW_GUI_V522\Output\Debug\GUIDEMO_ImageFlow.obj
D:\code\GPS\SeggerEval_WIN32_MSVC_MinGW_GUI_V522\SeggerEval_WIN32_MSVC_MinGW_GUI_V522\Output\Debug\GUIDEMO_Intro.obj
D:\code\GPS\SeggerEval_WIN32_MSVC_MinGW_GUI_V522\SeggerEval_WIN32_MSVC_MinGW_GUI_V522\Output\Debug\GUIDEMO_Listview.obj
D:\code\GPS\SeggerEval_WIN32_MSVC_MinGW_GUI_V522\SeggerEval_WIN32_MSVC_MinGW_GUI_V522\Output\Debug\GUIDEMO_RadialMenu.obj
D:\code\GPS\SeggerEval_WIN32_MSVC_MinGW_GUI_V522\SeggerEval_WIN32_MSVC_MinGW_GUI_V522\Output\Debug\GUIDEMO_Resource.obj
D:\code\GPS\SeggerEval_WIN32_MSVC_MinGW_GUI_V522\SeggerEval_WIN32_MSVC_MinGW_GUI_V522\Output\Debug\GUIDEMO_Skinning.obj
D:\code\GPS\SeggerEval_WIN32_MSVC_MinGW_GUI_V522\SeggerEval_WIN32_MSVC_MinGW_GUI_V522\Output\Debug\GUIDEMO_Speed.obj
D:\code\GPS\SeggerEval_WIN32_MSVC_MinGW_GUI_V522\SeggerEval_WIN32_MSVC_MinGW_GUI_V522\Output\Debug\GUIDEMO_Speedometer.obj
D:\code\GPS\SeggerEval_WIN32_MSVC_MinGW_GUI_V522\SeggerEval_WIN32_MSVC_MinGW_GUI_V522\Output\Debug\GUIDEMO_Start.obj
D:\code\GPS\SeggerEval_WIN32_MSVC_MinGW_GUI_V522\SeggerEval_WIN32_MSVC_MinGW_GUI_V522\Output\Debug\GUIDEMO_TransparentDialog.obj
D:\code\GPS\SeggerEval_WIN32_MSVC_MinGW_GUI_V522\SeggerEval_WIN32_MSVC_MinGW_GUI_V522\Output\Debug\GUIDEMO_Treeview.obj
D:\code\GPS\SeggerEval_WIN32_MSVC_MinGW_GUI_V522\SeggerEval_WIN32_MSVC_MinGW_GUI_V522\Output\Debug\GUIDEMO_VScreen.obj
D:\code\GPS\SeggerEval_WIN32_MSVC_MinGW_GUI_V522\SeggerEval_WIN32_MSVC_MinGW_GUI_V522\Output\Debug\GUIDEMO_WashingMachine.obj
D:\code\GPS\SeggerEval_WIN32_MSVC_MinGW_GUI_V522\SeggerEval_WIN32_MSVC_MinGW_GUI_V522\Output\Debug\GUIDEMO_ZoomAndRotate.obj
D:\code\GPS\SeggerEval_WIN32_MSVC_MinGW_GUI_V522\SeggerEval_WIN32_MSVC_MinGW_GUI_V522\Output\Debug\LCDConf.obj
D:\code\GPS\SeggerEval_WIN32_MSVC_MinGW_GUI_V522\SeggerEval_WIN32_MSVC_MinGW_GUI_V522\Output\Debug\LogoBitmap.obj
D:\code\GPS\SeggerEval_WIN32_MSVC_MinGW_GUI_V522\SeggerEval_WIN32_MSVC_MinGW_GUI_V522\Output\Debug\Setup.obj
D:\code\GPS\SeggerEval_WIN32_MSVC_MinGW_GUI_V522\SeggerEval_WIN32_MSVC_MinGW_GUI_V522\Output\Debug\SIMConf.obj
D:\code\GPS\SeggerEval_WIN32_MSVC_MinGW_GUI_V522\SeggerEval_WIN32_MSVC_MinGW_GUI_V522\Output\Debug\SIM_Hardkey.obj
D:\code\GPS\SeggerEval_WIN32_MSVC_MinGW_GUI_V522\SeggerEval_WIN32_MSVC_MinGW_GUI_V522\Output\Debug\VSCREEN_MultiPage.obj
D:\code\GPS\SeggerEval_WIN32_MSVC_MinGW_GUI_V522\SeggerEval_WIN32_MSVC_MinGW_GUI_V522\Output\Debug\WIDGET_ButtonSimple.obj
D:\code\GPS\SeggerEval_WIN32_MSVC_MinGW_GUI_V522\SeggerEval_WIN32_MSVC_MinGW_GUI_V522\Output\Debug\WIDGET_Dropdown.obj
D:\code\GPS\SeggerEval_WIN32_MSVC_MinGW_GUI_V522\SeggerEval_WIN32_MSVC_MinGW_GUI_V522\Output\Debug\WIDGET_GraphYT.obj
D:\code\GPS\SeggerEval_WIN32_MSVC_MinGW_GUI_V522\SeggerEval_WIN32_MSVC_MinGW_GUI_V522\Output\Debug\WIDGET_Menu.obj
D:\code\GPS\SeggerEval_WIN32_MSVC_MinGW_GUI_V522\SeggerEval_WIN32_MSVC_MinGW_GUI_V522\Output\Debug\WinMain.obj
D:\code\GPS\SeggerEval_WIN32_MSVC_MinGW_GUI_V522\SeggerEval_WIN32_MSVC_MinGW_GUI_V522\Output\Debug\WM_Sample.obj
D:\code\GPS\SeggerEval_WIN32_MSVC_MinGW_GUI_V522\SeggerEval_WIN32_MSVC_MinGW_GUI_V522\Output\Debug\cl.command.1.tlog
D:\code\GPS\SeggerEval_WIN32_MSVC_MinGW_GUI_V522\SeggerEval_WIN32_MSVC_MinGW_GUI_V522\Output\Debug\CL.read.1.tlog
D:\code\GPS\SeggerEval_WIN32_MSVC_MinGW_GUI_V522\SeggerEval_WIN32_MSVC_MinGW_GUI_V522\Output\Debug\CL.write.1.tlog
D:\code\GPS\SeggerEval_WIN32_MSVC_MinGW_GUI_V522\SeggerEval_WIN32_MSVC_MinGW_GUI_V522\Output\Debug\link-cvtres.read.1.tlog
D:\code\GPS\SeggerEval_WIN32_MSVC_MinGW_GUI_V522\SeggerEval_WIN32_MSVC_MinGW_GUI_V522\Output\Debug\link-cvtres.write.1.tlog
D:\code\GPS\SeggerEval_WIN32_MSVC_MinGW_GUI_V522\SeggerEval_WIN32_MSVC_MinGW_GUI_V522\Output\Debug\link-rc.read.1.tlog
D:\code\GPS\SeggerEval_WIN32_MSVC_MinGW_GUI_V522\SeggerEval_WIN32_MSVC_MinGW_GUI_V522\Output\Debug\link-rc.write.1.tlog
D:\code\GPS\SeggerEval_WIN32_MSVC_MinGW_GUI_V522\SeggerEval_WIN32_MSVC_MinGW_GUI_V522\Output\Debug\link.10332-cvtres.read.1.tlog
D:\code\GPS\SeggerEval_WIN32_MSVC_MinGW_GUI_V522\SeggerEval_WIN32_MSVC_MinGW_GUI_V522\Output\Debug\link.10332-cvtres.write.1.tlog
D:\code\GPS\SeggerEval_WIN32_MSVC_MinGW_GUI_V522\SeggerEval_WIN32_MSVC_MinGW_GUI_V522\Output\Debug\link.10332-rc.read.1.tlog
D:\code\GPS\SeggerEval_WIN32_MSVC_MinGW_GUI_V522\SeggerEval_WIN32_MSVC_MinGW_GUI_V522\Output\Debug\link.10332-rc.write.1.tlog
D:\code\GPS\SeggerEval_WIN32_MSVC_MinGW_GUI_V522\SeggerEval_WIN32_MSVC_MinGW_GUI_V522\Output\Debug\link.10332.read.1.tlog
D:\code\GPS\SeggerEval_WIN32_MSVC_MinGW_GUI_V522\SeggerEval_WIN32_MSVC_MinGW_GUI_V522\Output\Debug\link.10332.write.1.tlog
D:\code\GPS\SeggerEval_WIN32_MSVC_MinGW_GUI_V522\SeggerEval_WIN32_MSVC_MinGW_GUI_V522\Output\Debug\link.1340-cvtres.read.1.tlog
D:\code\GPS\SeggerEval_WIN32_MSVC_MinGW_GUI_V522\SeggerEval_WIN32_MSVC_MinGW_GUI_V522\Output\Debug\link.1340-cvtres.write.1.tlog
D:\code\GPS\SeggerEval_WIN32_MSVC_MinGW_GUI_V522\SeggerEval_WIN32_MSVC_MinGW_GUI_V522\Output\Debug\link.1340-rc.read.1.tlog
D:\code\GPS\SeggerEval_WIN32_MSVC_MinGW_GUI_V522\SeggerEval_WIN32_MSVC_MinGW_GUI_V522\Output\Debug\link.1340-rc.write.1.tlog
D:\code\GPS\SeggerEval_WIN32_MSVC_MinGW_GUI_V522\SeggerEval_WIN32_MSVC_MinGW_GUI_V522\Output\Debug\link.1340.read.1.tlog
D:\code\GPS\SeggerEval_WIN32_MSVC_MinGW_GUI_V522\SeggerEval_WIN32_MSVC_MinGW_GUI_V522\Output\Debug\link.1340.write.1.tlog
D:\code\GPS\SeggerEval_WIN32_MSVC_MinGW_GUI_V522\SeggerEval_WIN32_MSVC_MinGW_GUI_V522\Output\Debug\link.3104-cvtres.read.1.tlog
D:\code\GPS\SeggerEval_WIN32_MSVC_MinGW_GUI_V522\SeggerEval_WIN32_MSVC_MinGW_GUI_V522\Output\Debug\link.3104-cvtres.write.1.tlog
D:\code\GPS\SeggerEval_WIN32_MSVC_MinGW_GUI_V522\SeggerEval_WIN32_MSVC_MinGW_GUI_V522\Output\Debug\link.3104-rc.read.1.tlog
D:\code\GPS\SeggerEval_WIN32_MSVC_MinGW_GUI_V522\SeggerEval_WIN32_MSVC_MinGW_GUI_V522\Output\Debug\link.3104-rc.write.1.tlog
D:\code\GPS\SeggerEval_WIN32_MSVC_MinGW_GUI_V522\SeggerEval_WIN32_MSVC_MinGW_GUI_V522\Output\Debug\link.3104.read.1.tlog
D:\code\GPS\SeggerEval_WIN32_MSVC_MinGW_GUI_V522\SeggerEval_WIN32_MSVC_MinGW_GUI_V522\Output\Debug\link.3104.write.1.tlog
D:\code\GPS\SeggerEval_WIN32_MSVC_MinGW_GUI_V522\SeggerEval_WIN32_MSVC_MinGW_GUI_V522\Output\Debug\link.3548-cvtres.read.1.tlog
D:\code\GPS\SeggerEval_WIN32_MSVC_MinGW_GUI_V522\SeggerEval_WIN32_MSVC_MinGW_GUI_V522\Output\Debug\link.3548-cvtres.write.1.tlog
D:\code\GPS\SeggerEval_WIN32_MSVC_MinGW_GUI_V522\SeggerEval_WIN32_MSVC_MinGW_GUI_V522\Output\Debug\link.3548-rc.read.1.tlog
D:\code\GPS\SeggerEval_WIN32_MSVC_MinGW_GUI_V522\SeggerEval_WIN32_MSVC_MinGW_GUI_V522\Output\Debug\link.3548-rc.write.1.tlog
D:\code\GPS\SeggerEval_WIN32_MSVC_MinGW_GUI_V522\SeggerEval_WIN32_MSVC_MinGW_GUI_V522\Output\Debug\link.3548.read.1.tlog
D:\code\GPS\SeggerEval_WIN32_MSVC_MinGW_GUI_V522\SeggerEval_WIN32_MSVC_MinGW_GUI_V522\Output\Debug\link.3548.write.1.tlog
D:\code\GPS\SeggerEval_WIN32_MSVC_MinGW_GUI_V522\SeggerEval_WIN32_MSVC_MinGW_GUI_V522\Output\Debug\link.3552-cvtres.read.1.tlog
D:\code\GPS\SeggerEval_WIN32_MSVC_MinGW_GUI_V522\SeggerEval_WIN32_MSVC_MinGW_GUI_V522\Output\Debug\link.3552-cvtres.write.1.tlog
D:\code\GPS\SeggerEval_WIN32_MSVC_MinGW_GUI_V522\SeggerEval_WIN32_MSVC_MinGW_GUI_V522\Output\Debug\link.3552-rc.read.1.tlog
D:\code\GPS\SeggerEval_WIN32_MSVC_MinGW_GUI_V522\SeggerEval_WIN32_MSVC_MinGW_GUI_V522\Output\Debug\link.3552-rc.write.1.tlog
D:\code\GPS\SeggerEval_WIN32_MSVC_MinGW_GUI_V522\SeggerEval_WIN32_MSVC_MinGW_GUI_V522\Output\Debug\link.3552.read.1.tlog
D:\code\GPS\SeggerEval_WIN32_MSVC_MinGW_GUI_V522\SeggerEval_WIN32_MSVC_MinGW_GUI_V522\Output\Debug\link.3552.write.1.tlog
D:\code\GPS\SeggerEval_WIN32_MSVC_MinGW_GUI_V522\SeggerEval_WIN32_MSVC_MinGW_GUI_V522\Output\Debug\link.3908-cvtres.read.1.tlog
D:\code\GPS\SeggerEval_WIN32_MSVC_MinGW_GUI_V522\SeggerEval_WIN32_MSVC_MinGW_GUI_V522\Output\Debug\link.3908-cvtres.write.1.tlog
D:\code\GPS\SeggerEval_WIN32_MSVC_MinGW_GUI_V522\SeggerEval_WIN32_MSVC_MinGW_GUI_V522\Output\Debug\link.3908-rc.read.1.tlog
D:\code\GPS\SeggerEval_WIN32_MSVC_MinGW_GUI_V522\SeggerEval_WIN32_MSVC_MinGW_GUI_V522\Output\Debug\link.3908-rc.write.1.tlog
D:\code\GPS\SeggerEval_WIN32_MSVC_MinGW_GUI_V522\SeggerEval_WIN32_MSVC_MinGW_GUI_V522\Output\Debug\link.3908.read.1.tlog
D:\code\GPS\SeggerEval_WIN32_MSVC_MinGW_GUI_V522\SeggerEval_WIN32_MSVC_MinGW_GUI_V522\Output\Debug\link.3908.write.1.tlog
D:\code\GPS\SeggerEval_WIN32_MSVC_MinGW_GUI_V522\SeggerEval_WIN32_MSVC_MinGW_GUI_V522\Output\Debug\link.5360-cvtres.read.1.tlog
D:\code\GPS\SeggerEval_WIN32_MSVC_MinGW_GUI_V522\SeggerEval_WIN32_MSVC_MinGW_GUI_V522\Output\Debug\link.5360-cvtres.write.1.tlog
D:\code\GPS\SeggerEval_WIN32_MSVC_MinGW_GUI_V522\SeggerEval_WIN32_MSVC_MinGW_GUI_V522\Output\Debug\link.5360-rc.read.1.tlog
D:\code\GPS\SeggerEval_WIN32_MSVC_MinGW_GUI_V522\SeggerEval_WIN32_MSVC_MinGW_GUI_V522\Output\Debug\link.5360-rc.write.1.tlog
D:\code\GPS\SeggerEval_WIN32_MSVC_MinGW_GUI_V522\SeggerEval_WIN32_MSVC_MinGW_GUI_V522\Output\Debug\link.5360.read.1.tlog
D:\code\GPS\SeggerEval_WIN32_MSVC_MinGW_GUI_V522\SeggerEval_WIN32_MSVC_MinGW_GUI_V522\Output\Debug\link.5360.write.1.tlog
D:\code\GPS\SeggerEval_WIN32_MSVC_MinGW_GUI_V522\SeggerEval_WIN32_MSVC_MinGW_GUI_V522\Output\Debug\link.6492-cvtres.read.1.tlog
D:\code\GPS\SeggerEval_WIN32_MSVC_MinGW_GUI_V522\SeggerEval_WIN32_MSVC_MinGW_GUI_V522\Output\Debug\link.6492-cvtres.write.1.tlog
D:\code\GPS\SeggerEval_WIN32_MSVC_MinGW_GUI_V522\SeggerEval_WIN32_MSVC_MinGW_GUI_V522\Output\Debug\link.6492-rc.read.1.tlog
D:\code\GPS\SeggerEval_WIN32_MSVC_MinGW_GUI_V522\SeggerEval_WIN32_MSVC_MinGW_GUI_V522\Output\Debug\link.6492-rc.write.1.tlog
D:\code\GPS\SeggerEval_WIN32_MSVC_MinGW_GUI_V522\SeggerEval_WIN32_MSVC_MinGW_GUI_V522\Output\Debug\link.6492.read.1.tlog
D:\code\GPS\SeggerEval_WIN32_MSVC_MinGW_GUI_V522\SeggerEval_WIN32_MSVC_MinGW_GUI_V522\Output\Debug\link.6492.write.1.tlog
D:\code\GPS\SeggerEval_WIN32_MSVC_MinGW_GUI_V522\SeggerEval_WIN32_MSVC_MinGW_GUI_V522\Output\Debug\link.8048-cvtres.read.1.tlog
D:\code\GPS\SeggerEval_WIN32_MSVC_MinGW_GUI_V522\SeggerEval_WIN32_MSVC_MinGW_GUI_V522\Output\Debug\link.8048-cvtres.write.1.tlog
D:\code\GPS\SeggerEval_WIN32_MSVC_MinGW_GUI_V522\SeggerEval_WIN32_MSVC_MinGW_GUI_V522\Output\Debug\link.8048-rc.read.1.tlog
D:\code\GPS\SeggerEval_WIN32_MSVC_MinGW_GUI_V522\SeggerEval_WIN32_MSVC_MinGW_GUI_V522\Output\Debug\link.8048-rc.write.1.tlog
D:\code\GPS\SeggerEval_WIN32_MSVC_MinGW_GUI_V522\SeggerEval_WIN32_MSVC_MinGW_GUI_V522\Output\Debug\link.8048.read.1.tlog
D:\code\GPS\SeggerEval_WIN32_MSVC_MinGW_GUI_V522\SeggerEval_WIN32_MSVC_MinGW_GUI_V522\Output\Debug\link.8048.write.1.tlog
D:\code\GPS\SeggerEval_WIN32_MSVC_MinGW_GUI_V522\SeggerEval_WIN32_MSVC_MinGW_GUI_V522\Output\Debug\link.9648-cvtres.read.1.tlog
D:\code\GPS\SeggerEval_WIN32_MSVC_MinGW_GUI_V522\SeggerEval_WIN32_MSVC_MinGW_GUI_V522\Output\Debug\link.9648-cvtres.write.1.tlog
D:\code\GPS\SeggerEval_WIN32_MSVC_MinGW_GUI_V522\SeggerEval_WIN32_MSVC_MinGW_GUI_V522\Output\Debug\link.9648-rc.read.1.tlog
D:\code\GPS\SeggerEval_WIN32_MSVC_MinGW_GUI_V522\SeggerEval_WIN32_MSVC_MinGW_GUI_V522\Output\Debug\link.9648-rc.write.1.tlog
D:\code\GPS\SeggerEval_WIN32_MSVC_MinGW_GUI_V522\SeggerEval_WIN32_MSVC_MinGW_GUI_V522\Output\Debug\link.9648.read.1.tlog
D:\code\GPS\SeggerEval_WIN32_MSVC_MinGW_GUI_V522\SeggerEval_WIN32_MSVC_MinGW_GUI_V522\Output\Debug\link.9648.write.1.tlog
D:\code\GPS\SeggerEval_WIN32_MSVC_MinGW_GUI_V522\SeggerEval_WIN32_MSVC_MinGW_GUI_V522\Output\Debug\link.command.1.tlog
D:\code\GPS\SeggerEval_WIN32_MSVC_MinGW_GUI_V522\SeggerEval_WIN32_MSVC_MinGW_GUI_V522\Output\Debug\link.read.1.tlog
D:\code\GPS\SeggerEval_WIN32_MSVC_MinGW_GUI_V522\SeggerEval_WIN32_MSVC_MinGW_GUI_V522\Output\Debug\link.write.1.tlog
D:\code\GPS\SeggerEval_WIN32_MSVC_MinGW_GUI_V522\SeggerEval_WIN32_MSVC_MinGW_GUI_V522\Output\Debug\vc110.idb
D:\code\GPS\SeggerEval_WIN32_MSVC_MinGW_GUI_V522\SeggerEval_WIN32_MSVC_MinGW_GUI_V522\Output\Debug\SimulationTrial.pdb
D:\code\GPS\SeggerEval_WIN32_MSVC_MinGW_GUI_V522\SeggerEval_WIN32_MSVC_MinGW_GUI_V522\Output\Debug\vc110.pdb
